TN:
SF:src\modules\appointments\services\CreateAppointmentService.ts
FN:84,__decorate
FN:84,__metadata
FN:84,__param
FN:84,__awaiter
FN:84,adopt
FN:84,fulfilled
FN:84,rejected
FN:84,step
FN:84,__generator
FN:84,sent
FN:84,g.<computed>
FN:84,verb
FN:84,step
FN:84,__importDefault
FN:20,CreateAppointmentService
FN:31,CreateAppointmentService.execute
FNF:16
FNH:14
FNDA:1,__decorate
FNDA:1,__metadata
FNDA:3,__param
FNDA:7,__awaiter
FNDA:9,adopt
FNDA:9,fulfilled
FNDA:0,rejected
FNDA:11,step
FNDA:7,__generator
FNDA:9,sent
FNDA:0,g.<computed>
FNDA:21,verb
FNDA:16,step
FNDA:1,__importDefault
FNDA:5,CreateAppointmentService
FNDA:7,CreateAppointmentService.execute
DA:1,1
DA:2,1
DA:3,1
DA:4,1
DA:5,1
DA:6,1
DA:7,1
DA:8,1
DA:9,1
DA:10,1
DA:11,1
DA:12,1
DA:13,1
DA:14,1
DA:15,1
DA:16,1
DA:17,1
DA:18,1
DA:19,1
DA:20,1
DA:21,5
DA:22,5
DA:23,5
DA:24,5
DA:25,5
DA:26,5
DA:27,5
DA:28,5
DA:29,5
DA:30,1
DA:31,1
DA:32,7
DA:33,7
DA:34,7
DA:35,7
DA:36,7
DA:37,7
DA:38,7
DA:39,2
DA:40,2
DA:41,5
DA:42,7
DA:43,1
DA:44,1
DA:45,4
DA:46,7
DA:47,1
DA:48,1
DA:49,1
DA:50,1
DA:51,3
DA:52,3
DA:53,3
DA:54,3
DA:55,7
DA:56,7
DA:57,1
DA:58,1
DA:59,2
DA:60,2
DA:61,2
DA:62,2
DA:63,2
DA:64,2
DA:65,7
DA:66,7
DA:67,7
DA:68,7
DA:69,7
DA:70,7
DA:71,7
DA:72,7
DA:73,7
DA:74,7
DA:75,7
DA:76,7
DA:77,7
DA:78,7
DA:79,7
DA:80,7
DA:81,7
DA:82,1
DA:83,1
DA:84,1
LF:84
LH:84
BRDA:84,0,0,1
BRDA:84,1,0,1
BRDA:84,2,0,0
BRDA:84,3,0,0
BRDA:84,4,0,0
BRDA:84,5,0,0
BRDA:84,6,0,1
BRDA:84,7,0,3
BRDA:84,8,0,3
BRDA:84,9,0,7
BRDA:84,10,0,9
BRDA:84,11,0,0
BRDA:84,12,0,7
BRDA:84,13,0,9
BRDA:84,14,0,1
BRDA:84,15,0,11
BRDA:84,16,0,2
BRDA:84,17,0,9
BRDA:84,18,0,7
BRDA:84,19,0,9
BRDA:84,20,0,0
BRDA:84,21,0,21
BRDA:84,22,0,16
BRDA:84,23,0,16
BRDA:84,24,0,0
BRDA:84,25,0,32
BRDA:84,26,0,0
BRDA:84,27,0,0
BRDA:84,28,0,0
BRDA:84,29,0,0
BRDA:84,30,0,16
BRDA:84,31,0,16
BRDA:84,32,0,9
BRDA:84,33,0,0
BRDA:84,34,0,0
BRDA:84,35,0,7
BRDA:84,36,0,0
BRDA:84,37,0,2
BRDA:84,38,0,0
BRDA:84,39,0,0
BRDA:84,40,0,0
BRDA:84,41,0,0
BRDA:84,42,0,16
BRDA:84,43,0,5
BRDA:84,44,0,16
BRDA:84,45,0,7
BRDA:84,46,0,5
BRDA:84,47,0,2
BRDA:84,48,0,0
BRDA:84,49,0,1
BRDA:84,50,0,0
BRDA:19,51,0,1
BRDA:20,52,0,5
BRDA:31,53,0,7
BRDA:84,54,0,7
BRDA:84,55,0,16
BRDA:84,56,0,7
BRDA:38,57,0,2
BRDA:40,58,0,5
BRDA:42,59,0,1
BRDA:44,60,0,4
BRDA:46,61,0,3
BRDA:46,62,0,1
BRDA:50,63,0,3
BRDA:84,64,0,3
BRDA:56,65,0,1
BRDA:58,66,0,2
BRDA:84,67,0,2
BRDA:84,68,0,2
BRDA:84,69,0,2
BRF:70
BRH:50
end_of_record
TN:
SF:src\modules\appointments\services\ListProviderAppointmentsService.ts
FN:57,__decorate
FN:57,__metadata
FN:57,__param
FN:57,__awaiter
FN:57,adopt
FN:57,fulfilled
FN:57,rejected
FN:57,step
FN:57,__generator
FN:57,sent
FN:57,g.<computed>
FN:57,verb
FN:57,step
FN:20,ListProviderAppointmentsService
FN:28,ListProviderAppointmentsService.execute
FNF:15
FNH:13
FNDA:1,__decorate
FNDA:1,__metadata
FNDA:2,__param
FNDA:1,__awaiter
FNDA:3,adopt
FNDA:3,fulfilled
FNDA:0,rejected
FNDA:4,step
FNDA:1,__generator
FNDA:3,sent
FNDA:0,g.<computed>
FNDA:3,verb
FNDA:4,step
FNDA:1,ListProviderAppointmentsService
FNDA:1,ListProviderAppointmentsService.execute
DA:1,1
DA:2,1
DA:3,1
DA:4,1
DA:5,1
DA:6,1
DA:7,1
DA:8,1
DA:9,1
DA:10,1
DA:11,1
DA:12,1
DA:13,1
DA:14,1
DA:15,1
DA:16,1
DA:17,1
DA:18,1
DA:19,1
DA:20,1
DA:21,1
DA:22,1
DA:23,1
DA:24,1
DA:25,1
DA:26,1
DA:27,1
DA:28,1
DA:29,1
DA:30,1
DA:31,1
DA:32,1
DA:33,1
DA:34,1
DA:35,1
DA:36,1
DA:37,1
DA:38,1
DA:39,1
DA:40,1
DA:41,1
DA:42,1
DA:43,1
DA:44,1
DA:45,1
DA:46,1
DA:47,1
DA:48,1
DA:49,1
DA:50,1
DA:51,1
DA:52,1
DA:53,1
DA:54,1
DA:55,1
DA:56,1
DA:57,1
LF:57
LH:57
BRDA:57,0,0,1
BRDA:57,1,0,1
BRDA:57,2,0,0
BRDA:57,3,0,0
BRDA:57,4,0,0
BRDA:57,5,0,0
BRDA:57,6,0,1
BRDA:57,7,0,2
BRDA:57,8,0,2
BRDA:57,9,0,1
BRDA:57,10,0,3
BRDA:57,11,0,0
BRDA:57,12,0,1
BRDA:57,13,0,3
BRDA:57,14,0,0
BRDA:57,15,0,4
BRDA:57,16,0,1
BRDA:57,17,0,3
BRDA:57,18,0,1
BRDA:57,19,0,3
BRDA:57,20,0,0
BRDA:57,21,0,3
BRDA:57,22,0,4
BRDA:57,23,0,4
BRDA:57,24,0,0
BRDA:57,25,0,8
BRDA:57,26,0,0
BRDA:57,27,0,0
BRDA:57,28,0,0
BRDA:57,29,0,0
BRDA:57,30,0,4
BRDA:57,31,0,4
BRDA:57,32,0,3
BRDA:57,33,0,0
BRDA:57,34,0,0
BRDA:57,35,0,1
BRDA:57,36,0,0
BRDA:57,37,0,0
BRDA:57,38,0,0
BRDA:57,39,0,0
BRDA:57,40,0,0
BRDA:57,41,0,4
BRDA:57,42,0,0
BRDA:57,43,0,4
BRDA:57,44,0,1
BRDA:57,45,0,0
BRDA:57,46,0,1
BRDA:57,47,0,0
BRDA:19,48,0,1
BRDA:20,49,0,1
BRDA:28,50,0,1
BRDA:57,51,0,1
BRDA:57,52,0,4
BRDA:57,53,0,1
BRDA:57,54,0,1
BRDA:40,55,0,0
BRDA:57,56,0,1
BRDA:57,57,0,1
BRDA:53,58,0,1
BRF:59
BRH:36
end_of_record
TN:
SF:src\modules\appointments\services\ListProviderDayAvailabilityService.ts
FN:70,__decorate
FN:70,__metadata
FN:70,__param
FN:70,__awaiter
FN:70,adopt
FN:70,fulfilled
FN:70,rejected
FN:70,step
FN:70,__generator
FN:70,sent
FN:70,g.<computed>
FN:70,verb
FN:70,step
FN:25,ListProviderDayAvailabilityService
FN:30,ListProviderDayAvailabilityService.execute
FNF:15
FNH:13
FNDA:1,__decorate
FNDA:1,__metadata
FNDA:1,__param
FNDA:1,__awaiter
FNDA:1,adopt
FNDA:1,fulfilled
FNDA:0,rejected
FNDA:2,step
FNDA:1,__generator
FNDA:1,sent
FNDA:0,g.<computed>
FNDA:3,verb
FNDA:2,step
FNDA:1,ListProviderDayAvailabilityService
FNDA:1,ListProviderDayAvailabilityService.execute
DA:1,1
DA:2,1
DA:3,1
DA:4,1
DA:5,1
DA:6,1
DA:7,1
DA:8,1
DA:9,1
DA:10,1
DA:11,1
DA:12,1
DA:13,1
DA:14,1
DA:15,1
DA:16,1
DA:17,1
DA:18,1
DA:19,1
DA:20,1
DA:21,1
DA:22,1
DA:23,1
DA:24,1
DA:25,1
DA:26,1
DA:27,1
DA:28,1
DA:29,1
DA:30,1
DA:31,1
DA:32,1
DA:33,1
DA:34,1
DA:35,1
DA:36,1
DA:37,1
DA:38,1
DA:39,1
DA:40,1
DA:41,1
DA:42,1
DA:43,1
DA:44,1
DA:45,1
DA:46,1
DA:47,1
DA:48,1
DA:49,1
DA:50,1
DA:51,1
DA:52,1
DA:53,1
DA:54,10
DA:55,10
DA:56,10
DA:57,10
DA:58,10
DA:59,10
DA:60,10
DA:61,10
DA:62,10
DA:63,10
DA:64,1
DA:65,1
DA:66,1
DA:67,1
DA:68,1
DA:69,1
DA:70,1
LF:70
LH:70
BRDA:70,0,0,1
BRDA:70,1,0,1
BRDA:70,2,0,0
BRDA:70,3,0,0
BRDA:70,4,0,0
BRDA:70,5,0,0
BRDA:70,6,0,1
BRDA:70,7,0,1
BRDA:70,8,0,1
BRDA:70,9,0,1
BRDA:70,10,0,1
BRDA:70,11,0,0
BRDA:70,12,0,1
BRDA:70,13,0,1
BRDA:70,14,0,0
BRDA:70,15,0,2
BRDA:70,16,0,1
BRDA:70,17,0,1
BRDA:70,18,0,1
BRDA:70,19,0,1
BRDA:70,20,0,0
BRDA:70,21,0,3
BRDA:70,22,0,2
BRDA:70,23,0,2
BRDA:70,24,0,0
BRDA:70,25,0,4
BRDA:70,26,0,0
BRDA:70,27,0,0
BRDA:70,28,0,0
BRDA:70,29,0,0
BRDA:70,30,0,2
BRDA:70,31,0,2
BRDA:70,32,0,1
BRDA:70,33,0,0
BRDA:70,34,0,0
BRDA:70,35,0,1
BRDA:70,36,0,0
BRDA:70,37,0,0
BRDA:70,38,0,0
BRDA:70,39,0,0
BRDA:70,40,0,0
BRDA:70,41,0,2
BRDA:70,42,0,0
BRDA:70,43,0,2
BRDA:70,44,0,1
BRDA:70,45,0,0
BRDA:70,46,0,1
BRDA:70,47,0,0
BRDA:24,48,0,1
BRDA:25,49,0,1
BRDA:30,50,0,1
BRDA:70,51,0,1
BRDA:70,52,0,2
BRDA:36,53,0,1
BRDA:70,54,0,1
BRDA:49,55,0,10
BRDA:53,56,0,10
BRDA:62,57,0,8
BRDA:55,58,0,19
BRF:59
BRH:37
end_of_record
TN:
SF:src\modules\appointments\services\ListProviderMonthAvaibilityService.ts
FN:64,__decorate
FN:64,__metadata
FN:64,__param
FN:64,__awaiter
FN:64,adopt
FN:64,fulfilled
FN:64,rejected
FN:64,step
FN:64,__generator
FN:64,sent
FN:64,g.<computed>
FN:64,verb
FN:64,step
FN:24,ListProviderMonthAvailabilityService
FN:29,ListProviderMonthAvailabilityService.execute
FNF:15
FNH:13
FNDA:1,__decorate
FNDA:1,__metadata
FNDA:1,__param
FNDA:1,__awaiter
FNDA:1,adopt
FNDA:1,fulfilled
FNDA:0,rejected
FNDA:2,step
FNDA:1,__generator
FNDA:1,sent
FNDA:0,g.<computed>
FNDA:3,verb
FNDA:2,step
FNDA:1,ListProviderMonthAvailabilityService
FNDA:1,ListProviderMonthAvailabilityService.execute
DA:1,1
DA:2,1
DA:3,1
DA:4,1
DA:5,1
DA:6,1
DA:7,1
DA:8,1
DA:9,1
DA:10,1
DA:11,1
DA:12,1
DA:13,1
DA:14,1
DA:15,1
DA:16,1
DA:17,1
DA:18,1
DA:19,1
DA:20,1
DA:21,1
DA:22,1
DA:23,1
DA:24,1
DA:25,1
DA:26,1
DA:27,1
DA:28,1
DA:29,1
DA:30,1
DA:31,1
DA:32,1
DA:33,1
DA:34,1
DA:35,1
DA:36,1
DA:37,1
DA:38,1
DA:39,1
DA:40,1
DA:41,1
DA:42,1
DA:43,1
DA:44,1
DA:45,1
DA:46,1
DA:47,1
DA:48,1
DA:49,1
DA:50,31
DA:51,341
DA:52,31
DA:53,31
DA:54,31
DA:55,31
DA:56,31
DA:57,31
DA:58,1
DA:59,1
DA:60,1
DA:61,1
DA:62,1
DA:63,1
DA:64,1
LF:64
LH:64
BRDA:64,0,0,1
BRDA:64,1,0,1
BRDA:64,2,0,0
BRDA:64,3,0,0
BRDA:64,4,0,0
BRDA:64,5,0,0
BRDA:64,6,0,1
BRDA:64,7,0,1
BRDA:64,8,0,1
BRDA:64,9,0,1
BRDA:64,10,0,1
BRDA:64,11,0,0
BRDA:64,12,0,1
BRDA:64,13,0,1
BRDA:64,14,0,0
BRDA:64,15,0,2
BRDA:64,16,0,1
BRDA:64,17,0,1
BRDA:64,18,0,1
BRDA:64,19,0,1
BRDA:64,20,0,0
BRDA:64,21,0,3
BRDA:64,22,0,2
BRDA:64,23,0,2
BRDA:64,24,0,0
BRDA:64,25,0,4
BRDA:64,26,0,0
BRDA:64,27,0,0
BRDA:64,28,0,0
BRDA:64,29,0,0
BRDA:64,30,0,2
BRDA:64,31,0,2
BRDA:64,32,0,1
BRDA:64,33,0,0
BRDA:64,34,0,0
BRDA:64,35,0,1
BRDA:64,36,0,0
BRDA:64,37,0,0
BRDA:64,38,0,0
BRDA:64,39,0,0
BRDA:64,40,0,0
BRDA:64,41,0,2
BRDA:64,42,0,0
BRDA:64,43,0,2
BRDA:64,44,0,1
BRDA:64,45,0,0
BRDA:64,46,0,1
BRDA:64,47,0,0
BRDA:23,48,0,1
BRDA:24,49,0,1
BRDA:29,50,0,1
BRDA:64,51,0,1
BRDA:64,52,0,2
BRDA:34,53,0,1
BRDA:64,54,0,1
BRDA:46,55,0,31
BRDA:49,56,0,31
BRDA:50,57,0,341
BRF:58
BRH:36
end_of_record
TN:
SF:src\modules\appointments\services\ListProvidersService.ts
FN:41,__decorate
FN:41,__metadata
FN:41,__param
FN:41,__awaiter
FN:41,adopt
FN:41,fulfilled
FN:41,rejected
FN:41,step
FN:41,__generator
FN:41,sent
FN:41,g.<computed>
FN:41,verb
FN:41,step
FN:14,ListProvidersService
FN:22,ListProvidersService.execute
FNF:15
FNH:13
FNDA:1,__decorate
FNDA:1,__metadata
FNDA:2,__param
FNDA:1,__awaiter
FNDA:3,adopt
FNDA:3,fulfilled
FNDA:0,rejected
FNDA:4,step
FNDA:1,__generator
FNDA:3,sent
FNDA:0,g.<computed>
FNDA:3,verb
FNDA:4,step
FNDA:1,ListProvidersService
FNDA:1,ListProvidersService.execute
DA:1,1
DA:2,1
DA:3,1
DA:4,1
DA:5,1
DA:6,1
DA:7,1
DA:8,1
DA:9,1
DA:10,1
DA:11,1
DA:12,1
DA:13,1
DA:14,1
DA:15,1
DA:16,1
DA:17,1
DA:18,1
DA:19,1
DA:20,1
DA:21,1
DA:22,1
DA:23,1
DA:24,1
DA:25,1
DA:26,1
DA:27,1
DA:28,1
DA:29,1
DA:30,1
DA:31,1
DA:32,1
DA:33,1
DA:34,1
DA:35,1
DA:36,1
DA:37,1
DA:38,1
DA:39,1
DA:40,1
DA:41,1
LF:41
LH:41
BRDA:41,0,0,1
BRDA:41,1,0,1
BRDA:41,2,0,0
BRDA:41,3,0,0
BRDA:41,4,0,0
BRDA:41,5,0,0
BRDA:41,6,0,1
BRDA:41,7,0,2
BRDA:41,8,0,2
BRDA:41,9,0,1
BRDA:41,10,0,3
BRDA:41,11,0,0
BRDA:41,12,0,1
BRDA:41,13,0,3
BRDA:41,14,0,0
BRDA:41,15,0,4
BRDA:41,16,0,1
BRDA:41,17,0,3
BRDA:41,18,0,1
BRDA:41,19,0,3
BRDA:41,20,0,0
BRDA:41,21,0,3
BRDA:41,22,0,4
BRDA:41,23,0,4
BRDA:41,24,0,0
BRDA:41,25,0,8
BRDA:41,26,0,0
BRDA:41,27,0,0
BRDA:41,28,0,0
BRDA:41,29,0,0
BRDA:41,30,0,4
BRDA:41,31,0,4
BRDA:41,32,0,3
BRDA:41,33,0,0
BRDA:41,34,0,0
BRDA:41,35,0,1
BRDA:41,36,0,0
BRDA:41,37,0,0
BRDA:41,38,0,0
BRDA:41,39,0,0
BRDA:41,40,0,0
BRDA:41,41,0,4
BRDA:41,42,0,0
BRDA:41,43,0,4
BRDA:41,44,0,1
BRDA:41,45,0,0
BRDA:41,46,0,1
BRDA:41,47,0,0
BRDA:13,48,0,1
BRDA:14,49,0,1
BRDA:22,50,0,1
BRDA:41,51,0,1
BRDA:41,52,0,4
BRDA:23,53,0,1
BRDA:41,54,0,1
BRDA:27,55,0,0
BRDA:41,56,0,1
BRDA:41,57,0,1
BRDA:37,58,0,1
BRF:59
BRH:36
end_of_record
TN:
SF:src\modules\users\services\AuthenticateUserService.ts
FN:64,__decorate
FN:64,__metadata
FN:64,__param
FN:64,__awaiter
FN:64,adopt
FN:64,fulfilled
FN:64,rejected
FN:64,step
FN:64,__generator
FN:64,sent
FN:64,g.<computed>
FN:64,verb
FN:64,step
FN:64,__importDefault
FN:23,AuthenticateUserService
FN:31,AuthenticateUserService.execute
FNF:16
FNH:14
FNDA:1,__decorate
FNDA:1,__metadata
FNDA:2,__param
FNDA:3,__awaiter
FNDA:5,adopt
FNDA:5,fulfilled
FNDA:0,rejected
FNDA:6,step
FNDA:3,__generator
FNDA:5,sent
FNDA:0,g.<computed>
FNDA:9,verb
FNDA:8,step
FNDA:2,__importDefault
FNDA:3,AuthenticateUserService
FNDA:3,AuthenticateUserService.execute
DA:1,1
DA:2,1
DA:3,1
DA:4,1
DA:5,1
DA:6,1
DA:7,1
DA:8,1
DA:9,1
DA:10,1
DA:11,1
DA:12,1
DA:13,1
DA:14,1
DA:15,1
DA:16,1
DA:17,1
DA:18,1
DA:19,1
DA:20,1
DA:21,1
DA:22,1
DA:23,1
DA:24,3
DA:25,3
DA:26,3
DA:27,3
DA:28,3
DA:29,3
DA:30,1
DA:31,1
DA:32,3
DA:33,3
DA:34,3
DA:35,1
DA:36,1
DA:37,2
DA:38,2
DA:39,2
DA:40,2
DA:41,2
DA:42,2
DA:43,2
DA:44,2
DA:45,3
DA:46,3
DA:47,1
DA:48,1
DA:49,1
DA:50,1
DA:51,1
DA:52,1
DA:53,1
DA:54,1
DA:55,1
DA:56,1
DA:57,1
DA:58,1
DA:59,1
DA:60,1
DA:61,3
DA:62,1
DA:63,1
DA:64,1
LF:64
LH:64
BRDA:64,0,0,1
BRDA:64,1,0,1
BRDA:64,2,0,0
BRDA:64,3,0,0
BRDA:64,4,0,0
BRDA:64,5,0,0
BRDA:64,6,0,1
BRDA:64,7,0,2
BRDA:64,8,0,2
BRDA:64,9,0,3
BRDA:64,10,0,5
BRDA:64,11,0,0
BRDA:64,12,0,3
BRDA:64,13,0,5
BRDA:64,14,0,2
BRDA:64,15,0,6
BRDA:64,16,0,1
BRDA:64,17,0,5
BRDA:64,18,0,3
BRDA:64,19,0,5
BRDA:64,20,0,0
BRDA:64,21,0,9
BRDA:64,22,0,8
BRDA:64,23,0,8
BRDA:64,24,0,0
BRDA:64,25,0,16
BRDA:64,26,0,0
BRDA:64,27,0,0
BRDA:64,28,0,0
BRDA:64,29,0,0
BRDA:64,30,0,8
BRDA:64,31,0,8
BRDA:64,32,0,5
BRDA:64,33,0,0
BRDA:64,34,0,0
BRDA:64,35,0,3
BRDA:64,36,0,0
BRDA:64,37,0,1
BRDA:64,38,0,0
BRDA:64,39,0,0
BRDA:64,40,0,0
BRDA:64,41,0,0
BRDA:64,42,0,8
BRDA:64,43,0,2
BRDA:64,44,0,8
BRDA:64,45,0,3
BRDA:64,46,0,2
BRDA:64,47,0,1
BRDA:64,48,0,0
BRDA:64,49,0,2
BRDA:64,50,0,0
BRDA:22,51,0,1
BRDA:23,52,0,3
BRDA:31,53,0,3
BRDA:64,54,0,3
BRDA:64,55,0,8
BRDA:32,56,0,3
BRDA:64,57,0,3
BRDA:34,58,0,1
BRDA:36,59,0,2
BRDA:64,60,0,2
BRDA:46,61,0,1
BRF:62
BRH:42
end_of_record
TN:
SF:src\modules\users\services\CreateUserService.ts
FN:50,__decorate
FN:50,__metadata
FN:50,__param
FN:50,__awaiter
FN:50,adopt
FN:50,fulfilled
FN:50,rejected
FN:50,step
FN:50,__generator
FN:50,sent
FN:50,g.<computed>
FN:50,verb
FN:50,step
FN:50,__importDefault
FN:18,CreateUserService
FN:29,CreateUserService.execute
FNF:16
FNH:14
FNDA:1,__decorate
FNDA:1,__metadata
FNDA:3,__param
FNDA:3,__awaiter
FNDA:9,adopt
FNDA:9,fulfilled
FNDA:0,rejected
FNDA:11,step
FNDA:3,__generator
FNDA:9,sent
FNDA:0,g.<computed>
FNDA:9,verb
FNDA:12,step
FNDA:1,__importDefault
FNDA:2,CreateUserService
FNDA:3,CreateUserService.execute
DA:1,1
DA:2,1
DA:3,1
DA:4,1
DA:5,1
DA:6,1
DA:7,1
DA:8,1
DA:9,1
DA:10,1
DA:11,1
DA:12,1
DA:13,1
DA:14,1
DA:15,1
DA:16,1
DA:17,1
DA:18,1
DA:19,2
DA:20,2
DA:21,2
DA:22,2
DA:23,2
DA:24,2
DA:25,2
DA:26,2
DA:27,2
DA:28,1
DA:29,1
DA:30,3
DA:31,3
DA:32,3
DA:33,1
DA:34,1
DA:35,2
DA:36,2
DA:37,3
DA:38,3
DA:39,3
DA:40,3
DA:41,3
DA:42,3
DA:43,3
DA:44,3
DA:45,3
DA:46,3
DA:47,3
DA:48,1
DA:49,1
DA:50,1
LF:50
LH:50
BRDA:50,0,0,1
BRDA:50,1,0,1
BRDA:50,2,0,0
BRDA:50,3,0,0
BRDA:50,4,0,0
BRDA:50,5,0,0
BRDA:50,6,0,1
BRDA:50,7,0,3
BRDA:50,8,0,3
BRDA:50,9,0,3
BRDA:50,10,0,9
BRDA:50,11,0,0
BRDA:50,12,0,3
BRDA:50,13,0,9
BRDA:50,14,0,1
BRDA:50,15,0,11
BRDA:50,16,0,2
BRDA:50,17,0,9
BRDA:50,18,0,3
BRDA:50,19,0,9
BRDA:50,20,0,0
BRDA:50,21,0,9
BRDA:50,22,0,12
BRDA:50,23,0,12
BRDA:50,24,0,0
BRDA:50,25,0,24
BRDA:50,26,0,0
BRDA:50,27,0,0
BRDA:50,28,0,0
BRDA:50,29,0,0
BRDA:50,30,0,12
BRDA:50,31,0,12
BRDA:50,32,0,9
BRDA:50,33,0,0
BRDA:50,34,0,0
BRDA:50,35,0,3
BRDA:50,36,0,0
BRDA:50,37,0,2
BRDA:50,38,0,0
BRDA:50,39,0,0
BRDA:50,40,0,0
BRDA:50,41,0,0
BRDA:50,42,0,12
BRDA:50,43,0,1
BRDA:50,44,0,12
BRDA:50,45,0,3
BRDA:50,46,0,1
BRDA:50,47,0,2
BRDA:50,48,0,0
BRDA:50,49,0,1
BRDA:50,50,0,0
BRDA:17,51,0,1
BRDA:18,52,0,2
BRDA:29,53,0,3
BRDA:50,54,0,3
BRDA:50,55,0,12
BRDA:30,56,0,3
BRDA:50,57,0,3
BRDA:32,58,0,1
BRDA:34,59,0,2
BRDA:50,60,0,2
BRDA:50,61,0,2
BRDA:50,62,0,2
BRF:63
BRH:43
end_of_record
TN:
SF:src\modules\users\services\ResetPasswordService.ts
FN:55,__decorate
FN:55,__metadata
FN:55,__param
FN:55,__awaiter
FN:55,adopt
FN:55,fulfilled
FN:55,rejected
FN:55,step
FN:55,__generator
FN:55,sent
FN:55,g.<computed>
FN:55,verb
FN:55,step
FN:55,__importDefault
FN:19,ResetPasswordService
FN:30,ResetPasswordService.execute
FNF:16
FNH:14
FNDA:1,__decorate
FNDA:1,__metadata
FNDA:3,__param
FNDA:4,__awaiter
FNDA:9,adopt
FNDA:9,fulfilled
FNDA:0,rejected
FNDA:10,step
FNDA:4,__generator
FNDA:9,sent
FNDA:0,g.<computed>
FNDA:12,verb
FNDA:13,step
FNDA:1,__importDefault
FNDA:4,ResetPasswordService
FNDA:4,ResetPasswordService.execute
DA:1,1
DA:2,1
DA:3,1
DA:4,1
DA:5,1
DA:6,1
DA:7,1
DA:8,1
DA:9,1
DA:10,1
DA:11,1
DA:12,1
DA:13,1
DA:14,1
DA:15,1
DA:16,1
DA:17,1
DA:18,1
DA:19,1
DA:20,4
DA:21,4
DA:22,4
DA:23,4
DA:24,4
DA:25,4
DA:26,4
DA:27,4
DA:28,4
DA:29,1
DA:30,1
DA:31,4
DA:32,4
DA:33,4
DA:34,1
DA:35,1
DA:36,3
DA:37,3
DA:38,4
DA:39,4
DA:40,1
DA:41,1
DA:42,2
DA:43,2
DA:44,2
DA:45,2
DA:46,4
DA:47,1
DA:48,1
DA:49,1
DA:50,4
DA:51,4
DA:52,4
DA:53,1
DA:54,1
DA:55,1
LF:55
LH:55
BRDA:55,0,0,1
BRDA:55,1,0,1
BRDA:55,2,0,0
BRDA:55,3,0,0
BRDA:55,4,0,0
BRDA:55,5,0,0
BRDA:55,6,0,1
BRDA:55,7,0,3
BRDA:55,8,0,3
BRDA:55,9,0,4
BRDA:55,10,0,9
BRDA:55,11,0,0
BRDA:55,12,0,4
BRDA:55,13,0,9
BRDA:55,14,0,3
BRDA:55,15,0,10
BRDA:55,16,0,1
BRDA:55,17,0,9
BRDA:55,18,0,4
BRDA:55,19,0,9
BRDA:55,20,0,0
BRDA:55,21,0,12
BRDA:55,22,0,13
BRDA:55,23,0,13
BRDA:55,24,0,0
BRDA:55,25,0,26
BRDA:55,26,0,0
BRDA:55,27,0,0
BRDA:55,28,0,0
BRDA:55,29,0,0
BRDA:55,30,0,13
BRDA:55,31,0,13
BRDA:55,32,0,9
BRDA:55,33,0,0
BRDA:55,34,0,0
BRDA:55,35,0,4
BRDA:55,36,0,0
BRDA:55,37,0,1
BRDA:55,38,0,0
BRDA:55,39,0,0
BRDA:55,40,0,0
BRDA:55,41,0,0
BRDA:55,42,0,13
BRDA:55,43,0,3
BRDA:55,44,0,13
BRDA:55,45,0,4
BRDA:55,46,0,3
BRDA:55,47,0,1
BRDA:55,48,0,0
BRDA:55,49,0,1
BRDA:55,50,0,0
BRDA:18,51,0,1
BRDA:19,52,0,4
BRDA:30,53,0,4
BRDA:55,54,0,4
BRDA:55,55,0,13
BRDA:31,56,0,4
BRDA:55,57,0,4
BRDA:33,58,0,1
BRDA:35,59,0,3
BRDA:55,60,0,3
BRDA:39,61,0,1
BRDA:41,62,0,2
BRDA:46,63,0,1
BRDA:55,64,0,1
BRDA:55,65,0,1
BRF:66
BRH:46
end_of_record
TN:
SF:src\modules\users\services\SendForgotPasswordEmailService.ts
FN:61,__decorate
FN:61,__metadata
FN:61,__param
FN:61,__awaiter
FN:61,adopt
FN:61,fulfilled
FN:61,rejected
FN:61,step
FN:61,__generator
FN:61,sent
FN:61,g.<computed>
FN:61,verb
FN:61,step
FN:61,__importDefault
FN:17,SendForgotPasswordEmailService
FN:28,SendForgotPasswordEmailService.execute
FNF:16
FNH:14
FNDA:1,__decorate
FNDA:1,__metadata
FNDA:3,__param
FNDA:3,__awaiter
FNDA:7,adopt
FNDA:7,fulfilled
FNDA:0,rejected
FNDA:9,step
FNDA:3,__generator
FNDA:7,sent
FNDA:0,g.<computed>
FNDA:9,verb
FNDA:10,step
FNDA:2,__importDefault
FNDA:3,SendForgotPasswordEmailService
FNDA:3,SendForgotPasswordEmailService.execute
DA:1,1
DA:2,1
DA:3,1
DA:4,1
DA:5,1
DA:6,1
DA:7,1
DA:8,1
DA:9,1
DA:10,1
DA:11,1
DA:12,1
DA:13,1
DA:14,1
DA:15,1
DA:16,1
DA:17,1
DA:18,3
DA:19,3
DA:20,3
DA:21,3
DA:22,3
DA:23,3
DA:24,3
DA:25,3
DA:26,3
DA:27,1
DA:28,1
DA:29,3
DA:30,3
DA:31,3
DA:32,1
DA:33,1
DA:34,2
DA:35,2
DA:36,3
DA:37,3
DA:38,3
DA:39,3
DA:40,3
DA:41,3
DA:42,3
DA:43,3
DA:44,3
DA:45,3
DA:46,3
DA:47,3
DA:48,3
DA:49,3
DA:50,3
DA:51,3
DA:52,3
DA:53,3
DA:54,3
DA:55,3
DA:56,3
DA:57,3
DA:58,3
DA:59,1
DA:60,1
DA:61,1
LF:61
LH:61
BRDA:61,0,0,1
BRDA:61,1,0,1
BRDA:61,2,0,0
BRDA:61,3,0,0
BRDA:61,4,0,0
BRDA:61,5,0,0
BRDA:61,6,0,1
BRDA:61,7,0,3
BRDA:61,8,0,3
BRDA:61,9,0,3
BRDA:61,10,0,7
BRDA:61,11,0,0
BRDA:61,12,0,3
BRDA:61,13,0,7
BRDA:61,14,0,1
BRDA:61,15,0,9
BRDA:61,16,0,2
BRDA:61,17,0,7
BRDA:61,18,0,3
BRDA:61,19,0,7
BRDA:61,20,0,0
BRDA:61,21,0,9
BRDA:61,22,0,10
BRDA:61,23,0,10
BRDA:61,24,0,0
BRDA:61,25,0,20
BRDA:61,26,0,0
BRDA:61,27,0,0
BRDA:61,28,0,0
BRDA:61,29,0,0
BRDA:61,30,0,10
BRDA:61,31,0,10
BRDA:61,32,0,7
BRDA:61,33,0,0
BRDA:61,34,0,0
BRDA:61,35,0,3
BRDA:61,36,0,0
BRDA:61,37,0,2
BRDA:61,38,0,0
BRDA:61,39,0,0
BRDA:61,40,0,0
BRDA:61,41,0,0
BRDA:61,42,0,10
BRDA:61,43,0,1
BRDA:61,44,0,10
BRDA:61,45,0,3
BRDA:61,46,0,1
BRDA:61,47,0,2
BRDA:61,48,0,0
BRDA:61,49,0,2
BRDA:61,50,0,1
BRDA:61,51,0,1
BRDA:16,52,0,1
BRDA:17,53,0,3
BRDA:28,54,0,3
BRDA:61,55,0,3
BRDA:61,56,0,10
BRDA:29,57,0,3
BRDA:61,58,0,3
BRDA:31,59,0,1
BRDA:33,60,0,2
BRDA:61,61,0,2
BRDA:61,62,0,2
BRF:63
BRH:44
end_of_record
TN:
SF:src\modules\users\services\ShowProfileService.ts
FN:30,__decorate
FN:30,__metadata
FN:30,__param
FN:30,__awaiter
FN:30,adopt
FN:30,fulfilled
FN:30,rejected
FN:30,step
FN:30,__generator
FN:30,sent
FN:30,g.<computed>
FN:30,verb
FN:30,step
FN:30,__importDefault
FN:14,ShowProfileService
FN:19,ShowProfileService.execute
FNF:16
FNH:14
FNDA:1,__decorate
FNDA:1,__metadata
FNDA:1,__param
FNDA:2,__awaiter
FNDA:2,adopt
FNDA:2,fulfilled
FNDA:0,rejected
FNDA:3,step
FNDA:2,__generator
FNDA:2,sent
FNDA:0,g.<computed>
FNDA:6,verb
FNDA:4,step
FNDA:1,__importDefault
FNDA:2,ShowProfileService
FNDA:2,ShowProfileService.execute
DA:1,1
DA:2,1
DA:3,1
DA:4,1
DA:5,1
DA:6,1
DA:7,1
DA:8,1
DA:9,1
DA:10,1
DA:11,1
DA:12,1
DA:13,1
DA:14,1
DA:15,2
DA:16,2
DA:17,2
DA:18,1
DA:19,1
DA:20,2
DA:21,2
DA:22,2
DA:23,1
DA:24,1
DA:25,1
DA:26,1
DA:27,2
DA:28,1
DA:29,1
DA:30,1
LF:30
LH:30
BRDA:30,0,0,1
BRDA:30,1,0,1
BRDA:30,2,0,0
BRDA:30,3,0,0
BRDA:30,4,0,0
BRDA:30,5,0,0
BRDA:30,6,0,1
BRDA:30,7,0,1
BRDA:30,8,0,1
BRDA:30,9,0,2
BRDA:30,10,0,2
BRDA:30,11,0,0
BRDA:30,12,0,2
BRDA:30,13,0,2
BRDA:30,14,0,1
BRDA:30,15,0,3
BRDA:30,16,0,1
BRDA:30,17,0,2
BRDA:30,18,0,2
BRDA:30,19,0,2
BRDA:30,20,0,0
BRDA:30,21,0,6
BRDA:30,22,0,4
BRDA:30,23,0,4
BRDA:30,24,0,0
BRDA:30,25,0,8
BRDA:30,26,0,0
BRDA:30,27,0,0
BRDA:30,28,0,0
BRDA:30,29,0,0
BRDA:30,30,0,4
BRDA:30,31,0,4
BRDA:30,32,0,2
BRDA:30,33,0,0
BRDA:30,34,0,0
BRDA:30,35,0,2
BRDA:30,36,0,0
BRDA:30,37,0,1
BRDA:30,38,0,0
BRDA:30,39,0,0
BRDA:30,40,0,0
BRDA:30,41,0,0
BRDA:30,42,0,4
BRDA:30,43,0,1
BRDA:30,44,0,4
BRDA:30,45,0,2
BRDA:30,46,0,1
BRDA:30,47,0,0
BRDA:30,48,0,1
BRDA:30,49,0,0
BRDA:13,50,0,1
BRDA:14,51,0,2
BRDA:19,52,0,2
BRDA:30,53,0,2
BRDA:30,54,0,4
BRDA:20,55,0,2
BRDA:30,56,0,2
BRDA:22,57,0,1
BRF:58
BRH:38
end_of_record
TN:
SF:src\modules\users\services\UpdateProfileService.ts
FN:72,__decorate
FN:72,__metadata
FN:72,__param
FN:72,__awaiter
FN:72,adopt
FN:72,fulfilled
FN:72,rejected
FN:72,step
FN:72,__generator
FN:72,sent
FN:72,g.<computed>
FN:72,verb
FN:72,step
FN:72,__importDefault
FN:19,UpdateProfileService
FN:27,UpdateProfileService.execute
FNF:16
FNH:14
FNDA:1,__decorate
FNDA:1,__metadata
FNDA:2,__param
FNDA:6,__awaiter
FNDA:14,adopt
FNDA:14,fulfilled
FNDA:0,rejected
FNDA:16,step
FNDA:6,__generator
FNDA:14,sent
FNDA:0,g.<computed>
FNDA:18,verb
FNDA:20,step
FNDA:1,__importDefault
FNDA:6,UpdateProfileService
FNDA:6,UpdateProfileService.execute
DA:1,1
DA:2,1
DA:3,1
DA:4,1
DA:5,1
DA:6,1
DA:7,1
DA:8,1
DA:9,1
DA:10,1
DA:11,1
DA:12,1
DA:13,1
DA:14,1
DA:15,1
DA:16,1
DA:17,1
DA:18,1
DA:19,1
DA:20,6
DA:21,6
DA:22,6
DA:23,6
DA:24,6
DA:25,6
DA:26,1
DA:27,1
DA:28,6
DA:29,6
DA:30,6
DA:31,6
DA:32,6
DA:33,6
DA:34,6
DA:35,6
DA:36,6
DA:37,1
DA:38,1
DA:39,5
DA:40,5
DA:41,6
DA:42,6
DA:43,1
DA:44,1
DA:45,4
DA:46,4
DA:47,4
DA:48,4
DA:49,6
DA:50,1
DA:51,1
DA:52,1
DA:53,1
DA:54,3
DA:55,6
DA:56,2
DA:57,2
DA:58,2
DA:59,2
DA:60,6
DA:61,6
DA:62,1
DA:63,1
DA:64,1
DA:65,1
DA:66,6
DA:67,6
DA:68,6
DA:69,6
DA:70,1
DA:71,1
DA:72,1
LF:72
LH:72
BRDA:72,0,0,1
BRDA:72,1,0,1
BRDA:72,2,0,0
BRDA:72,3,0,0
BRDA:72,4,0,0
BRDA:72,5,0,0
BRDA:72,6,0,1
BRDA:72,7,0,2
BRDA:72,8,0,2
BRDA:72,9,0,6
BRDA:72,10,0,14
BRDA:72,11,0,0
BRDA:72,12,0,6
BRDA:72,13,0,14
BRDA:72,14,0,4
BRDA:72,15,0,16
BRDA:72,16,0,2
BRDA:72,17,0,14
BRDA:72,18,0,6
BRDA:72,19,0,14
BRDA:72,20,0,0
BRDA:72,21,0,18
BRDA:72,22,0,20
BRDA:72,23,0,20
BRDA:72,24,0,0
BRDA:72,25,0,41
BRDA:72,26,0,0
BRDA:72,27,0,0
BRDA:72,28,0,0
BRDA:72,29,0,0
BRDA:72,30,0,20
BRDA:72,31,0,20
BRDA:72,32,0,14
BRDA:72,33,0,0
BRDA:72,34,0,0
BRDA:72,35,0,7
BRDA:72,36,0,0
BRDA:72,37,0,3
BRDA:72,38,0,6
BRDA:72,39,0,1
BRDA:72,40,0,0
BRDA:72,41,0,1
BRDA:72,42,0,0
BRDA:72,43,0,0
BRDA:72,44,0,0
BRDA:72,45,0,21
BRDA:72,46,0,4
BRDA:72,47,0,21
BRDA:72,48,0,6
BRDA:72,49,0,4
BRDA:72,50,0,2
BRDA:72,51,0,0
BRDA:72,52,0,1
BRDA:72,53,0,0
BRDA:18,54,0,1
BRDA:19,55,0,6
BRDA:27,56,0,6
BRDA:72,57,0,6
BRDA:72,58,0,21
BRDA:34,59,0,6
BRDA:72,60,0,6
BRDA:36,61,0,1
BRDA:38,62,0,5
BRDA:72,63,0,5
BRDA:42,64,0,1
BRDA:42,65,0,1
BRDA:44,66,0,4
BRDA:49,67,0,3
BRDA:49,68,0,1
BRDA:53,69,0,3
BRDA:55,70,0,2
BRDA:55,71,0,1
BRDA:55,72,0,2
BRDA:72,73,0,2
BRDA:61,74,0,1
BRDA:72,75,0,1
BRDA:68,76,0,2
BRF:77
BRH:57
end_of_record
TN:
SF:src\modules\users\services\UpdateUserAvatarService.ts
FN:46,__decorate
FN:46,__metadata
FN:46,__param
FN:46,__awaiter
FN:46,adopt
FN:46,fulfilled
FN:46,rejected
FN:46,step
FN:46,__generator
FN:46,sent
FN:46,g.<computed>
FN:46,verb
FN:46,step
FN:46,__importDefault
FN:16,UpdateUserAvatarService
FN:24,UpdateUserAvatarService.execute
FNF:16
FNH:14
FNDA:1,__decorate
FNDA:1,__metadata
FNDA:2,__param
FNDA:4,__awaiter
FNDA:11,adopt
FNDA:11,fulfilled
FNDA:0,rejected
FNDA:14,step
FNDA:4,__generator
FNDA:11,sent
FNDA:0,g.<computed>
FNDA:12,verb
FNDA:15,step
FNDA:1,__importDefault
FNDA:3,UpdateUserAvatarService
FNDA:4,UpdateUserAvatarService.execute
DA:1,1
DA:2,1
DA:3,1
DA:4,1
DA:5,1
DA:6,1
DA:7,1
DA:8,1
DA:9,1
DA:10,1
DA:11,1
DA:12,1
DA:13,1
DA:14,1
DA:15,1
DA:16,1
DA:17,3
DA:18,3
DA:19,3
DA:20,3
DA:21,3
DA:22,3
DA:23,1
DA:24,1
DA:25,4
DA:26,4
DA:27,4
DA:28,1
DA:29,1
DA:30,3
DA:31,3
DA:32,1
DA:33,1
DA:34,4
DA:35,4
DA:36,4
DA:37,4
DA:38,4
DA:39,4
DA:40,4
DA:41,4
DA:42,4
DA:43,4
DA:44,1
DA:45,1
DA:46,1
LF:46
LH:46
BRDA:46,0,0,1
BRDA:46,1,0,1
BRDA:46,2,0,0
BRDA:46,3,0,0
BRDA:46,4,0,0
BRDA:46,5,0,0
BRDA:46,6,0,1
BRDA:46,7,0,2
BRDA:46,8,0,2
BRDA:46,9,0,4
BRDA:46,10,0,11
BRDA:46,11,0,0
BRDA:46,12,0,4
BRDA:46,13,0,11
BRDA:46,14,0,1
BRDA:46,15,0,14
BRDA:46,16,0,3
BRDA:46,17,0,11
BRDA:46,18,0,4
BRDA:46,19,0,11
BRDA:46,20,0,0
BRDA:46,21,0,12
BRDA:46,22,0,15
BRDA:46,23,0,15
BRDA:46,24,0,0
BRDA:46,25,0,32
BRDA:46,26,0,0
BRDA:46,27,0,0
BRDA:46,28,0,0
BRDA:46,29,0,0
BRDA:46,30,0,15
BRDA:46,31,0,15
BRDA:46,32,0,11
BRDA:46,33,0,0
BRDA:46,34,0,0
BRDA:46,35,0,6
BRDA:46,36,0,0
BRDA:46,37,0,5
BRDA:46,38,0,4
BRDA:46,39,0,2
BRDA:46,40,0,0
BRDA:46,41,0,2
BRDA:46,42,0,0
BRDA:46,43,0,0
BRDA:46,44,0,0
BRDA:46,45,0,17
BRDA:46,46,0,1
BRDA:46,47,0,17
BRDA:46,48,0,4
BRDA:46,49,0,1
BRDA:46,50,0,3
BRDA:46,51,0,0
BRDA:46,52,0,1
BRDA:46,53,0,0
BRDA:15,54,0,1
BRDA:16,55,0,3
BRDA:24,56,0,4
BRDA:46,57,0,4
BRDA:46,58,0,17
BRDA:25,59,0,4
BRDA:46,60,0,4
BRDA:27,61,0,1
BRDA:29,62,0,3
BRDA:31,63,0,2
BRDA:31,64,0,1
BRDA:46,65,0,1
BRDA:36,66,0,3
BRDA:46,67,0,3
BRDA:46,68,0,3
BRF:69
BRH:49
end_of_record
