TN:
SF:src\modules\appointments\services\CreateAppointmentService.ts
FN:44,__decorate
FN:44,__metadata
FN:44,__param
FN:44,__awaiter
FN:44,adopt
FN:44,fulfilled
FN:44,rejected
FN:44,step
FN:44,__generator
FN:44,sent
FN:44,g.<computed>
FN:44,verb
FN:44,step
FN:44,__importDefault
FN:19,CreateAppointmentService
FN:24,CreateAppointmentService.execute
FNF:16
FNH:14
FNDA:1,__decorate
FNDA:1,__metadata
FNDA:1,__param
FNDA:3,__awaiter
FNDA:5,adopt
FNDA:5,fulfilled
FNDA:0,rejected
FNDA:7,step
FNDA:3,__generator
FNDA:5,sent
FNDA:0,g.<computed>
FNDA:9,verb
FNDA:8,step
FNDA:1,__importDefault
FNDA:2,CreateAppointmentService
FNDA:3,CreateAppointmentService.execute
DA:1,1
DA:2,1
DA:3,1
DA:4,1
DA:5,1
DA:6,1
DA:7,1
DA:8,1
DA:9,1
DA:10,1
DA:11,1
DA:12,1
DA:13,1
DA:14,1
DA:15,1
DA:16,1
DA:17,1
DA:18,1
DA:19,1
DA:20,2
DA:21,2
DA:22,2
DA:23,1
DA:24,1
DA:25,3
DA:26,3
DA:27,3
DA:28,3
DA:29,3
DA:30,3
DA:31,3
DA:32,1
DA:33,1
DA:34,2
DA:35,2
DA:36,2
DA:37,2
DA:38,2
DA:39,3
DA:40,3
DA:41,3
DA:42,1
DA:43,1
DA:44,1
LF:44
LH:44
BRDA:44,0,0,1
BRDA:44,1,0,1
BRDA:44,2,0,0
BRDA:44,3,0,0
BRDA:44,4,0,0
BRDA:44,5,0,0
BRDA:44,6,0,1
BRDA:44,7,0,1
BRDA:44,8,0,1
BRDA:44,9,0,3
BRDA:44,10,0,5
BRDA:44,11,0,0
BRDA:44,12,0,3
BRDA:44,13,0,5
BRDA:44,14,0,1
BRDA:44,15,0,7
BRDA:44,16,0,2
BRDA:44,17,0,5
BRDA:44,18,0,3
BRDA:44,19,0,5
BRDA:44,20,0,0
BRDA:44,21,0,9
BRDA:44,22,0,8
BRDA:44,23,0,8
BRDA:44,24,0,0
BRDA:44,25,0,16
BRDA:44,26,0,0
BRDA:44,27,0,0
BRDA:44,28,0,0
BRDA:44,29,0,0
BRDA:44,30,0,8
BRDA:44,31,0,8
BRDA:44,32,0,5
BRDA:44,33,0,0
BRDA:44,34,0,0
BRDA:44,35,0,3
BRDA:44,36,0,0
BRDA:44,37,0,2
BRDA:44,38,0,0
BRDA:44,39,0,0
BRDA:44,40,0,0
BRDA:44,41,0,0
BRDA:44,42,0,8
BRDA:44,43,0,1
BRDA:44,44,0,8
BRDA:44,45,0,3
BRDA:44,46,0,1
BRDA:44,47,0,2
BRDA:44,48,0,0
BRDA:44,49,0,1
BRDA:44,50,0,0
BRDA:18,51,0,1
BRDA:19,52,0,2
BRDA:24,53,0,3
BRDA:44,54,0,3
BRDA:44,55,0,8
BRDA:44,56,0,3
BRDA:44,57,0,3
BRDA:31,58,0,1
BRDA:33,59,0,2
BRDA:44,60,0,2
BRF:61
BRH:41
end_of_record
TN:
SF:src\modules\users\services\AuthenticateUserService.ts
FN:64,__decorate
FN:64,__metadata
FN:64,__param
FN:64,__awaiter
FN:64,adopt
FN:64,fulfilled
FN:64,rejected
FN:64,step
FN:64,__generator
FN:64,sent
FN:64,g.<computed>
FN:64,verb
FN:64,step
FN:64,__importDefault
FN:23,AuthenticateUserService
FN:31,AuthenticateUserService.execute
FNF:16
FNH:14
FNDA:1,__decorate
FNDA:1,__metadata
FNDA:2,__param
FNDA:3,__awaiter
FNDA:5,adopt
FNDA:5,fulfilled
FNDA:0,rejected
FNDA:6,step
FNDA:3,__generator
FNDA:5,sent
FNDA:0,g.<computed>
FNDA:9,verb
FNDA:8,step
FNDA:2,__importDefault
FNDA:3,AuthenticateUserService
FNDA:3,AuthenticateUserService.execute
DA:1,1
DA:2,1
DA:3,1
DA:4,1
DA:5,1
DA:6,1
DA:7,1
DA:8,1
DA:9,1
DA:10,1
DA:11,1
DA:12,1
DA:13,1
DA:14,1
DA:15,1
DA:16,1
DA:17,1
DA:18,1
DA:19,1
DA:20,1
DA:21,1
DA:22,1
DA:23,1
DA:24,3
DA:25,3
DA:26,3
DA:27,3
DA:28,3
DA:29,3
DA:30,1
DA:31,1
DA:32,3
DA:33,3
DA:34,3
DA:35,1
DA:36,1
DA:37,2
DA:38,2
DA:39,2
DA:40,2
DA:41,2
DA:42,2
DA:43,2
DA:44,2
DA:45,3
DA:46,3
DA:47,1
DA:48,1
DA:49,1
DA:50,1
DA:51,1
DA:52,1
DA:53,1
DA:54,1
DA:55,1
DA:56,1
DA:57,1
DA:58,1
DA:59,1
DA:60,1
DA:61,3
DA:62,1
DA:63,1
DA:64,1
LF:64
LH:64
BRDA:64,0,0,1
BRDA:64,1,0,1
BRDA:64,2,0,0
BRDA:64,3,0,0
BRDA:64,4,0,0
BRDA:64,5,0,0
BRDA:64,6,0,1
BRDA:64,7,0,2
BRDA:64,8,0,2
BRDA:64,9,0,3
BRDA:64,10,0,5
BRDA:64,11,0,0
BRDA:64,12,0,3
BRDA:64,13,0,5
BRDA:64,14,0,2
BRDA:64,15,0,6
BRDA:64,16,0,1
BRDA:64,17,0,5
BRDA:64,18,0,3
BRDA:64,19,0,5
BRDA:64,20,0,0
BRDA:64,21,0,9
BRDA:64,22,0,8
BRDA:64,23,0,8
BRDA:64,24,0,0
BRDA:64,25,0,16
BRDA:64,26,0,0
BRDA:64,27,0,0
BRDA:64,28,0,0
BRDA:64,29,0,0
BRDA:64,30,0,8
BRDA:64,31,0,8
BRDA:64,32,0,5
BRDA:64,33,0,0
BRDA:64,34,0,0
BRDA:64,35,0,3
BRDA:64,36,0,0
BRDA:64,37,0,1
BRDA:64,38,0,0
BRDA:64,39,0,0
BRDA:64,40,0,0
BRDA:64,41,0,0
BRDA:64,42,0,8
BRDA:64,43,0,2
BRDA:64,44,0,8
BRDA:64,45,0,3
BRDA:64,46,0,2
BRDA:64,47,0,1
BRDA:64,48,0,0
BRDA:64,49,0,2
BRDA:64,50,0,0
BRDA:22,51,0,1
BRDA:23,52,0,3
BRDA:31,53,0,3
BRDA:64,54,0,3
BRDA:64,55,0,8
BRDA:32,56,0,3
BRDA:64,57,0,3
BRDA:34,58,0,1
BRDA:36,59,0,2
BRDA:64,60,0,2
BRDA:46,61,0,1
BRF:62
BRH:42
end_of_record
TN:
SF:src\modules\users\services\CreateUserService.ts
FN:44,__decorate
FN:44,__metadata
FN:44,__param
FN:44,__awaiter
FN:44,adopt
FN:44,fulfilled
FN:44,rejected
FN:44,step
FN:44,__generator
FN:44,sent
FN:44,g.<computed>
FN:44,verb
FN:44,step
FN:44,__importDefault
FN:17,CreateUserService
FN:25,CreateUserService.execute
FNF:16
FNH:14
FNDA:2,__decorate
FNDA:2,__metadata
FNDA:4,__param
FNDA:5,__awaiter
FNDA:13,adopt
FNDA:13,fulfilled
FNDA:0,rejected
FNDA:17,step
FNDA:5,__generator
FNDA:13,sent
FNDA:0,g.<computed>
FNDA:15,verb
FNDA:18,step
FNDA:2,__importDefault
FNDA:4,CreateUserService
FNDA:5,CreateUserService.execute
DA:1,1
DA:2,1
DA:3,1
DA:4,1
DA:5,1
DA:6,1
DA:7,1
DA:8,1
DA:9,1
DA:10,1
DA:11,1
DA:12,1
DA:13,1
DA:14,1
DA:15,1
DA:16,2
DA:17,2
DA:18,4
DA:19,4
DA:20,4
DA:21,4
DA:22,4
DA:23,4
DA:24,2
DA:25,2
DA:26,5
DA:27,5
DA:28,5
DA:29,1
DA:30,1
DA:31,4
DA:32,4
DA:33,5
DA:34,5
DA:35,5
DA:36,5
DA:37,5
DA:38,5
DA:39,5
DA:40,5
DA:41,5
DA:42,2
DA:43,1
DA:44,1
LF:44
LH:44
BRDA:44,0,0,2
BRDA:44,1,0,2
BRDA:44,2,0,0
BRDA:44,3,0,0
BRDA:44,4,0,0
BRDA:44,5,0,0
BRDA:44,6,0,2
BRDA:44,7,0,4
BRDA:44,8,0,4
BRDA:44,9,0,5
BRDA:44,10,0,13
BRDA:44,11,0,0
BRDA:44,12,0,5
BRDA:44,13,0,13
BRDA:44,14,0,1
BRDA:44,15,0,17
BRDA:44,16,0,4
BRDA:44,17,0,13
BRDA:44,18,0,5
BRDA:44,19,0,13
BRDA:44,20,0,0
BRDA:44,21,0,15
BRDA:44,22,0,18
BRDA:44,23,0,18
BRDA:44,24,0,0
BRDA:44,25,0,36
BRDA:44,26,0,0
BRDA:44,27,0,0
BRDA:44,28,0,0
BRDA:44,29,0,0
BRDA:44,30,0,18
BRDA:44,31,0,18
BRDA:44,32,0,13
BRDA:44,33,0,0
BRDA:44,34,0,0
BRDA:44,35,0,5
BRDA:44,36,0,0
BRDA:44,37,0,4
BRDA:44,38,0,0
BRDA:44,39,0,0
BRDA:44,40,0,0
BRDA:44,41,0,0
BRDA:44,42,0,18
BRDA:44,43,0,1
BRDA:44,44,0,18
BRDA:44,45,0,5
BRDA:44,46,0,1
BRDA:44,47,0,4
BRDA:44,48,0,0
BRDA:44,49,0,2
BRDA:44,50,0,0
BRDA:16,51,0,2
BRDA:17,52,0,4
BRDA:25,53,0,5
BRDA:44,54,0,5
BRDA:44,55,0,18
BRDA:26,56,0,5
BRDA:44,57,0,5
BRDA:28,58,0,1
BRDA:30,59,0,4
BRDA:44,60,0,4
BRDA:44,61,0,4
BRF:62
BRH:42
end_of_record
TN:
SF:src\modules\users\services\ResetPasswordService.ts
FN:55,__decorate
FN:55,__metadata
FN:55,__param
FN:55,__awaiter
FN:55,adopt
FN:55,fulfilled
FN:55,rejected
FN:55,step
FN:55,__generator
FN:55,sent
FN:55,g.<computed>
FN:55,verb
FN:55,step
FN:55,__importDefault
FN:19,ResetPasswordService
FN:30,ResetPasswordService.execute
FNF:16
FNH:14
FNDA:1,__decorate
FNDA:1,__metadata
FNDA:3,__param
FNDA:4,__awaiter
FNDA:9,adopt
FNDA:9,fulfilled
FNDA:0,rejected
FNDA:10,step
FNDA:4,__generator
FNDA:9,sent
FNDA:0,g.<computed>
FNDA:12,verb
FNDA:13,step
FNDA:1,__importDefault
FNDA:4,ResetPasswordService
FNDA:4,ResetPasswordService.execute
DA:1,1
DA:2,1
DA:3,1
DA:4,1
DA:5,1
DA:6,1
DA:7,1
DA:8,1
DA:9,1
DA:10,1
DA:11,1
DA:12,1
DA:13,1
DA:14,1
DA:15,1
DA:16,1
DA:17,1
DA:18,1
DA:19,1
DA:20,4
DA:21,4
DA:22,4
DA:23,4
DA:24,4
DA:25,4
DA:26,4
DA:27,4
DA:28,4
DA:29,1
DA:30,1
DA:31,4
DA:32,4
DA:33,4
DA:34,1
DA:35,1
DA:36,3
DA:37,3
DA:38,4
DA:39,4
DA:40,1
DA:41,1
DA:42,2
DA:43,2
DA:44,2
DA:45,2
DA:46,4
DA:47,1
DA:48,1
DA:49,1
DA:50,4
DA:51,4
DA:52,4
DA:53,1
DA:54,1
DA:55,1
LF:55
LH:55
BRDA:55,0,0,1
BRDA:55,1,0,1
BRDA:55,2,0,0
BRDA:55,3,0,0
BRDA:55,4,0,0
BRDA:55,5,0,0
BRDA:55,6,0,1
BRDA:55,7,0,3
BRDA:55,8,0,3
BRDA:55,9,0,4
BRDA:55,10,0,9
BRDA:55,11,0,0
BRDA:55,12,0,4
BRDA:55,13,0,9
BRDA:55,14,0,3
BRDA:55,15,0,10
BRDA:55,16,0,1
BRDA:55,17,0,9
BRDA:55,18,0,4
BRDA:55,19,0,9
BRDA:55,20,0,0
BRDA:55,21,0,12
BRDA:55,22,0,13
BRDA:55,23,0,13
BRDA:55,24,0,0
BRDA:55,25,0,26
BRDA:55,26,0,0
BRDA:55,27,0,0
BRDA:55,28,0,0
BRDA:55,29,0,0
BRDA:55,30,0,13
BRDA:55,31,0,13
BRDA:55,32,0,9
BRDA:55,33,0,0
BRDA:55,34,0,0
BRDA:55,35,0,4
BRDA:55,36,0,0
BRDA:55,37,0,1
BRDA:55,38,0,0
BRDA:55,39,0,0
BRDA:55,40,0,0
BRDA:55,41,0,0
BRDA:55,42,0,13
BRDA:55,43,0,3
BRDA:55,44,0,13
BRDA:55,45,0,4
BRDA:55,46,0,3
BRDA:55,47,0,1
BRDA:55,48,0,0
BRDA:55,49,0,1
BRDA:55,50,0,0
BRDA:18,51,0,1
BRDA:19,52,0,4
BRDA:30,53,0,4
BRDA:55,54,0,4
BRDA:55,55,0,13
BRDA:31,56,0,4
BRDA:55,57,0,4
BRDA:33,58,0,1
BRDA:35,59,0,3
BRDA:55,60,0,3
BRDA:39,61,0,1
BRDA:41,62,0,2
BRDA:46,63,0,1
BRDA:55,64,0,1
BRDA:55,65,0,1
BRF:66
BRH:46
end_of_record
TN:
SF:src\modules\users\services\SendForgotPasswordEmailService.ts
FN:43,__decorate
FN:43,__metadata
FN:43,__param
FN:43,__awaiter
FN:43,adopt
FN:43,fulfilled
FN:43,rejected
FN:43,step
FN:43,__generator
FN:43,sent
FN:43,g.<computed>
FN:43,verb
FN:43,step
FN:43,__importDefault
FN:16,SendForgotPasswordEmailService
FN:27,SendForgotPasswordEmailService.execute
FNF:16
FNH:14
FNDA:1,__decorate
FNDA:1,__metadata
FNDA:3,__param
FNDA:3,__awaiter
FNDA:5,adopt
FNDA:5,fulfilled
FNDA:0,rejected
FNDA:7,step
FNDA:3,__generator
FNDA:5,sent
FNDA:0,g.<computed>
FNDA:9,verb
FNDA:8,step
FNDA:1,__importDefault
FNDA:3,SendForgotPasswordEmailService
FNDA:3,SendForgotPasswordEmailService.execute
DA:1,1
DA:2,1
DA:3,1
DA:4,1
DA:5,1
DA:6,1
DA:7,1
DA:8,1
DA:9,1
DA:10,1
DA:11,1
DA:12,1
DA:13,1
DA:14,1
DA:15,1
DA:16,1
DA:17,3
DA:18,3
DA:19,3
DA:20,3
DA:21,3
DA:22,3
DA:23,3
DA:24,3
DA:25,3
DA:26,1
DA:27,1
DA:28,3
DA:29,3
DA:30,3
DA:31,1
DA:32,1
DA:33,2
DA:34,2
DA:35,3
DA:36,3
DA:37,3
DA:38,3
DA:39,3
DA:40,3
DA:41,1
DA:42,1
DA:43,1
LF:43
LH:43
BRDA:43,0,0,1
BRDA:43,1,0,1
BRDA:43,2,0,0
BRDA:43,3,0,0
BRDA:43,4,0,0
BRDA:43,5,0,0
BRDA:43,6,0,1
BRDA:43,7,0,3
BRDA:43,8,0,3
BRDA:43,9,0,3
BRDA:43,10,0,5
BRDA:43,11,0,0
BRDA:43,12,0,3
BRDA:43,13,0,5
BRDA:43,14,0,1
BRDA:43,15,0,7
BRDA:43,16,0,2
BRDA:43,17,0,5
BRDA:43,18,0,3
BRDA:43,19,0,5
BRDA:43,20,0,0
BRDA:43,21,0,9
BRDA:43,22,0,8
BRDA:43,23,0,8
BRDA:43,24,0,0
BRDA:43,25,0,16
BRDA:43,26,0,0
BRDA:43,27,0,0
BRDA:43,28,0,0
BRDA:43,29,0,0
BRDA:43,30,0,8
BRDA:43,31,0,8
BRDA:43,32,0,5
BRDA:43,33,0,0
BRDA:43,34,0,0
BRDA:43,35,0,3
BRDA:43,36,0,0
BRDA:43,37,0,2
BRDA:43,38,0,0
BRDA:43,39,0,0
BRDA:43,40,0,0
BRDA:43,41,0,0
BRDA:43,42,0,8
BRDA:43,43,0,1
BRDA:43,44,0,8
BRDA:43,45,0,3
BRDA:43,46,0,1
BRDA:43,47,0,2
BRDA:43,48,0,0
BRDA:43,49,0,1
BRDA:43,50,0,0
BRDA:15,51,0,1
BRDA:16,52,0,3
BRDA:27,53,0,3
BRDA:43,54,0,3
BRDA:43,55,0,8
BRDA:28,56,0,3
BRDA:43,57,0,3
BRDA:30,58,0,1
BRDA:32,59,0,2
BRDA:43,60,0,2
BRF:61
BRH:41
end_of_record
TN:
SF:src\modules\users\services\UpdateUserAvatarService.ts
FN:49,__decorate
FN:49,__metadata
FN:49,__param
FN:49,__awaiter
FN:49,adopt
FN:49,fulfilled
FN:49,rejected
FN:49,step
FN:49,__generator
FN:49,sent
FN:49,g.<computed>
FN:49,verb
FN:49,step
FN:49,__importDefault
FN:19,UpdateUserAvatarService
FN:27,UpdateUserAvatarService.execute
FNF:16
FNH:14
FNDA:1,__decorate
FNDA:1,__metadata
FNDA:2,__param
FNDA:4,__awaiter
FNDA:11,adopt
FNDA:11,fulfilled
FNDA:0,rejected
FNDA:14,step
FNDA:4,__generator
FNDA:11,sent
FNDA:0,g.<computed>
FNDA:12,verb
FNDA:15,step
FNDA:1,__importDefault
FNDA:3,UpdateUserAvatarService
FNDA:4,UpdateUserAvatarService.execute
DA:1,1
DA:2,1
DA:3,1
DA:4,1
DA:5,1
DA:6,1
DA:7,1
DA:8,1
DA:9,1
DA:10,1
DA:11,1
DA:12,1
DA:13,1
DA:14,1
DA:15,1
DA:16,1
DA:17,1
DA:18,1
DA:19,1
DA:20,3
DA:21,3
DA:22,3
DA:23,3
DA:24,3
DA:25,3
DA:26,1
DA:27,1
DA:28,4
DA:29,4
DA:30,4
DA:31,1
DA:32,1
DA:33,3
DA:34,3
DA:35,1
DA:36,1
DA:37,4
DA:38,4
DA:39,4
DA:40,4
DA:41,4
DA:42,4
DA:43,4
DA:44,4
DA:45,4
DA:46,4
DA:47,1
DA:48,1
DA:49,1
LF:49
LH:49
BRDA:49,0,0,1
BRDA:49,1,0,1
BRDA:49,2,0,0
BRDA:49,3,0,0
BRDA:49,4,0,0
BRDA:49,5,0,0
BRDA:49,6,0,1
BRDA:49,7,0,2
BRDA:49,8,0,2
BRDA:49,9,0,4
BRDA:49,10,0,11
BRDA:49,11,0,0
BRDA:49,12,0,4
BRDA:49,13,0,11
BRDA:49,14,0,1
BRDA:49,15,0,14
BRDA:49,16,0,3
BRDA:49,17,0,11
BRDA:49,18,0,4
BRDA:49,19,0,11
BRDA:49,20,0,0
BRDA:49,21,0,12
BRDA:49,22,0,15
BRDA:49,23,0,15
BRDA:49,24,0,0
BRDA:49,25,0,32
BRDA:49,26,0,0
BRDA:49,27,0,0
BRDA:49,28,0,0
BRDA:49,29,0,0
BRDA:49,30,0,15
BRDA:49,31,0,15
BRDA:49,32,0,11
BRDA:49,33,0,0
BRDA:49,34,0,0
BRDA:49,35,0,6
BRDA:49,36,0,0
BRDA:49,37,0,5
BRDA:49,38,0,4
BRDA:49,39,0,2
BRDA:49,40,0,0
BRDA:49,41,0,2
BRDA:49,42,0,0
BRDA:49,43,0,0
BRDA:49,44,0,0
BRDA:49,45,0,17
BRDA:49,46,0,1
BRDA:49,47,0,17
BRDA:49,48,0,4
BRDA:49,49,0,1
BRDA:49,50,0,3
BRDA:49,51,0,0
BRDA:49,52,0,1
BRDA:49,53,0,0
BRDA:18,54,0,1
BRDA:19,55,0,3
BRDA:27,56,0,4
BRDA:49,57,0,4
BRDA:49,58,0,17
BRDA:28,59,0,4
BRDA:49,60,0,4
BRDA:30,61,0,1
BRDA:32,62,0,3
BRDA:34,63,0,2
BRDA:34,64,0,1
BRDA:49,65,0,1
BRDA:39,66,0,3
BRDA:49,67,0,3
BRDA:49,68,0,3
BRF:69
BRH:49
end_of_record
